d:\repos\custommousesensitivity\custommo.d372de9b\x64\release\vc143.pdb
d:\repos\custommousesensitivity\custommo.d372de9b\x64\release\imgui_widgets.obj
d:\repos\custommousesensitivity\custommo.d372de9b\x64\release\imgui_tables.obj
d:\repos\custommousesensitivity\custommo.d372de9b\x64\release\imgui_draw.obj
d:\repos\custommousesensitivity\custommo.d372de9b\x64\release\imgui.obj
d:\repos\custommousesensitivity\custommo.d372de9b\x64\release\imgui_impl_win32.obj
d:\repos\custommousesensitivity\custommo.d372de9b\x64\release\imgui_impl_vulkan.obj
d:\repos\custommousesensitivity\custommo.d372de9b\x64\release\imgui_impl_dx12.obj
d:\repos\custommousesensitivity\custommo.d372de9b\x64\release\script.obj
d:\repos\custommousesensitivity\custommo.d372de9b\x64\release\mod.obj
d:\repos\custommousesensitivity\custommo.d372de9b\x64\release\renderhook_vulkan.obj
d:\repos\custommousesensitivity\custommo.d372de9b\x64\release\main.obj
d:\repos\custommousesensitivity\custommo.d372de9b\x64\release\logger.obj
d:\repos\custommousesensitivity\x64\release\custommousesensitivity.asi
d:\repos\custommousesensitivity\x64\release\custommousesensitivity.pdb
d:\repos\custommousesensitivity\custommo.d372de9b\x64\release\custommousesensitivity.ipdb
d:\repos\custommousesensitivity\custommo.d372de9b\x64\release\custommousesensitivity.iobj
d:\repos\custommousesensitivity\custommo.d372de9b\x64\release\custommo.d372de9b.tlog\cl.command.1.tlog
d:\repos\custommousesensitivity\custommo.d372de9b\x64\release\custommo.d372de9b.tlog\cl.items.tlog
d:\repos\custommousesensitivity\custommo.d372de9b\x64\release\custommo.d372de9b.tlog\cl.read.1.tlog
d:\repos\custommousesensitivity\custommo.d372de9b\x64\release\custommo.d372de9b.tlog\cl.write.1.tlog
d:\repos\custommousesensitivity\custommo.d372de9b\x64\release\custommo.d372de9b.tlog\link.command.1.tlog
d:\repos\custommousesensitivity\custommo.d372de9b\x64\release\custommo.d372de9b.tlog\link.read.1.tlog
d:\repos\custommousesensitivity\custommo.d372de9b\x64\release\custommo.d372de9b.tlog\link.secondary.1.tlog
d:\repos\custommousesensitivity\custommo.d372de9b\x64\release\custommo.d372de9b.tlog\link.write.1.tlog
